<?xml version="1.0" encoding="UTF-8"?>
<!-- Generated by org.testng.reporters.JUnitReportReporter -->
<testsuite hostname="Ipsitas-MacBook-Pro-2.local" failures="0" tests="2" name="assessment.test.api.UserApiTest" time="3.655" errors="0" timestamp="2024-08-27T01:02:25 IST" skipped="0">
  <testcase classname="assessment.test.api.UserApiTest" name="testCreateUser" time="3.132"/>
  <testcase classname="assessment.test.api.UserApiTest" name="testGetUser" time="0.523"/>
</testsuite> <!-- assessment.test.api.UserApiTest -->
